C51 COMPILER V7.06   SEGMENT                                                               12/16/2015 16:50:42 PAGE 1   


C51 COMPILER V7.06, COMPILATION OF MODULE SEGMENT
OBJECT MODULE PLACED IN segment.OBJ
COMPILER INVOKED BY: C:\Keil\C51\BIN\C51.EXE segment.c BROWSE DEBUG OBJECTEXTEND

stmt level    source

   1          #include<reg51.h>
   2          #define led2 P2
   3          #define led1 P3
   4          void delay();
   5          char a[11]={0x06,0x5B,0x4F,0x66,0x6D,0x7D,0x07,0x7F,0x6F,0x3F};
   6          void main()
   7          {
   8   1      int j,k;
   9   1      led1=0x00;
  10   1      led2=0x00;
  11   1      led2=0x3F;
  12   1      for(k=0;k<=9;k++)
  13   1      {
  14   2      led1=a[k];
  15   2      delay();
  16   2      for(j=0;j<=9;j++)
  17   2      {
  18   3      led2=a[j];
  19   3      delay();
  20   3      
  21   3      
  22   3      }
  23   2      }
  24   1      }
  25          void delay()
  26          {
  27   1      unsigned i;
  28   1      for(i=0;i<35000;i++);
  29   1      }


MODULE INFORMATION:   STATIC OVERLAYABLE
   CODE SIZE        =    104    ----
   CONSTANT SIZE    =   ----    ----
   XDATA SIZE       =   ----    ----
   PDATA SIZE       =   ----    ----
   DATA SIZE        =     11       4
   IDATA SIZE       =   ----    ----
   BIT SIZE         =   ----    ----
END OF MODULE INFORMATION.


C51 COMPILATION COMPLETE.  0 WARNING(S),  0 ERROR(S)
